<?xml version="1.0" encoding="UTF-8"?>
<!-- Generated by org.testng.reporters.JUnitReportReporter -->
<testsuite hostname="Chinnuboss" failures="0" tests="1" name="com.vtiger.comcast.leadtest.DeleteContactTest" time="22.606" errors="0" timestamp="2021-08-25T00:13:33 IST" skipped="0">
  <testcase classname="com.vtiger.comcast.leadtest.DeleteContactTest" name="deleteContactTest" time="22.606"/>
  <system-out/>
</testsuite> <!-- com.vtiger.comcast.leadtest.DeleteContactTest -->
